2024-03-05 23:28:32.788 [main] [34mINFO [0;39m [36mc.e.s.Supercoding2stSoheeApplication[0;39m - Starting Supercoding2stSoheeApplication using Java 17.0.9 with PID 86157 (/Users/sohmac/Desktop/project2-verSoh/build/classes/java/main started by sohmac in /Users/sohmac/Desktop/project2-verSoh)
2024-03-05 23:28:32.791 [main] [34mINFO [0;39m [36mc.e.s.Supercoding2stSoheeApplication[0;39m - The following 1 profile is active: "prod"
2024-03-05 23:28:33.038 [main] [34mINFO [0;39m [36mo.s.d.r.c.RepositoryConfigurationDelegate[0;39m - Bootstrapping Spring Data JPA repositories in DEFAULT mode.
2024-03-05 23:28:33.064 [main] [34mINFO [0;39m [36mo.s.d.r.c.RepositoryConfigurationDelegate[0;39m - Finished Spring Data repository scanning in 23 ms. Found 10 JPA repository interfaces.
2024-03-05 23:28:33.398 [main] [34mINFO [0;39m [36mo.s.b.w.e.tomcat.TomcatWebServer[0;39m - Tomcat initialized with port 8080 (http)
2024-03-05 23:28:33.403 [main] [34mINFO [0;39m [36mo.a.coyote.http11.Http11NioProtocol[0;39m - Initializing ProtocolHandler ["http-nio-8080"]
2024-03-05 23:28:33.403 [main] [34mINFO [0;39m [36mo.a.catalina.core.StandardService[0;39m - Starting service [Tomcat]
2024-03-05 23:28:33.404 [main] [34mINFO [0;39m [36mo.a.catalina.core.StandardEngine[0;39m - Starting Servlet engine: [Apache Tomcat/10.1.18]
2024-03-05 23:28:33.426 [main] [34mINFO [0;39m [36mo.a.c.c.C.[Tomcat].[localhost].[/][0;39m - Initializing Spring embedded WebApplicationContext
2024-03-05 23:28:33.426 [main] [34mINFO [0;39m [36mo.s.b.w.s.c.ServletWebServerApplicationContext[0;39m - Root WebApplicationContext: initialization completed in 618 ms
2024-03-05 23:28:33.474 [main] [34mINFO [0;39m [36mo.h.jpa.internal.util.LogHelper[0;39m - HHH000204: Processing PersistenceUnitInfo [name: default]
2024-03-05 23:28:33.504 [main] [34mINFO [0;39m [36morg.hibernate.Version[0;39m - HHH000412: Hibernate ORM core version 6.4.1.Final
2024-03-05 23:28:33.519 [main] [34mINFO [0;39m [36mo.h.c.i.RegionFactoryInitiator[0;39m - HHH000026: Second-level cache disabled
2024-03-05 23:28:33.648 [main] [34mINFO [0;39m [36mo.s.o.j.p.SpringPersistenceUnitInfo[0;39m - No LoadTimeWeaver setup: ignoring JPA class transformer
2024-03-05 23:28:33.901 [main] [31mWARN [0;39m [36mo.m.jdbc.message.server.ErrorPacket[0;39m - Error: 1045-28000: Access denied for user 'hansolDB'@'79.140.208.250' (using password: YES)
2024-03-05 23:28:33.913 [main] [31mWARN [0;39m [36mo.h.e.j.e.i.JdbcEnvironmentInitiator[0;39m - HHH000342: Could not obtain connection to query metadata
java.lang.NullPointerException: Cannot invoke "org.hibernate.engine.jdbc.spi.SqlExceptionHelper.convert(java.sql.SQLException, String)" because the return value of "org.hibernate.resource.transaction.backend.jdbc.internal.JdbcIsolationDelegate.sqlExceptionHelper()" is null
	at org.hibernate.resource.transaction.backend.jdbc.internal.JdbcIsolationDelegate.delegateWork(JdbcIsolationDelegate.java:116)
	at org.hibernate.engine.jdbc.env.internal.JdbcEnvironmentInitiator.getJdbcEnvironmentUsingJdbcMetadata(JdbcEnvironmentInitiator.java:276)
	at org.hibernate.engine.jdbc.env.internal.JdbcEnvironmentInitiator.initiateService(JdbcEnvironmentInitiator.java:107)
	at org.hibernate.engine.jdbc.env.internal.JdbcEnvironmentInitiator.initiateService(JdbcEnvironmentInitiator.java:68)
	at org.hibernate.boot.registry.internal.StandardServiceRegistryImpl.initiateService(StandardServiceRegistryImpl.java:129)
	at org.hibernate.service.internal.AbstractServiceRegistryImpl.createService(AbstractServiceRegistryImpl.java:263)
	at org.hibernate.service.internal.AbstractServiceRegistryImpl.initializeService(AbstractServiceRegistryImpl.java:238)
	at org.hibernate.service.internal.AbstractServiceRegistryImpl.getService(AbstractServiceRegistryImpl.java:215)
	at org.hibernate.boot.model.relational.Database.<init>(Database.java:45)
	at org.hibernate.boot.internal.InFlightMetadataCollectorImpl.getDatabase(InFlightMetadataCollectorImpl.java:223)
	at org.hibernate.boot.internal.InFlightMetadataCollectorImpl.<init>(InFlightMetadataCollectorImpl.java:191)
	at org.hibernate.boot.model.process.spi.MetadataBuildingProcess.complete(MetadataBuildingProcess.java:170)
	at org.hibernate.jpa.boot.internal.EntityManagerFactoryBuilderImpl.metadata(EntityManagerFactoryBuilderImpl.java:1432)
	at org.hibernate.jpa.boot.internal.EntityManagerFactoryBuilderImpl.build(EntityManagerFactoryBuilderImpl.java:1503)
	at org.springframework.orm.jpa.vendor.SpringHibernateJpaPersistenceProvider.createContainerEntityManagerFactory(SpringHibernateJpaPersistenceProvider.java:75)
	at org.springframework.orm.jpa.LocalContainerEntityManagerFactoryBean.createNativeEntityManagerFactory(LocalContainerEntityManagerFactoryBean.java:376)
	at org.springframework.orm.jpa.AbstractEntityManagerFactoryBean.buildNativeEntityManagerFactory(AbstractEntityManagerFactoryBean.java:409)
	at org.springframework.orm.jpa.AbstractEntityManagerFactoryBean.afterPropertiesSet(AbstractEntityManagerFactoryBean.java:396)
	at org.springframework.orm.jpa.LocalContainerEntityManagerFactoryBean.afterPropertiesSet(LocalContainerEntityManagerFactoryBean.java:352)
	at org.springframework.beans.factory.support.AbstractAutowireCapableBeanFactory.invokeInitMethods(AbstractAutowireCapableBeanFactory.java:1820)
	at org.springframework.beans.factory.support.AbstractAutowireCapableBeanFactory.initializeBean(AbstractAutowireCapableBeanFactory.java:1769)
	at org.springframework.beans.factory.support.AbstractAutowireCapableBeanFactory.doCreateBean(AbstractAutowireCapableBeanFactory.java:599)
	at org.springframework.beans.factory.support.AbstractAutowireCapableBeanFactory.createBean(AbstractAutowireCapableBeanFactory.java:521)
	at org.springframework.beans.factory.support.AbstractBeanFactory.lambda$doGetBean$0(AbstractBeanFactory.java:325)
	at org.springframework.beans.factory.support.DefaultSingletonBeanRegistry.getSingleton(DefaultSingletonBeanRegistry.java:234)
	at org.springframework.beans.factory.support.AbstractBeanFactory.doGetBean(AbstractBeanFactory.java:323)
	at org.springframework.beans.factory.support.AbstractBeanFactory.getBean(AbstractBeanFactory.java:199)
	at org.springframework.context.support.AbstractApplicationContext.getBean(AbstractApplicationContext.java:1231)
	at org.springframework.context.support.AbstractApplicationContext.finishBeanFactoryInitialization(AbstractApplicationContext.java:949)
	at org.springframework.context.support.AbstractApplicationContext.refresh(AbstractApplicationContext.java:624)
	at org.springframework.boot.web.servlet.context.ServletWebServerApplicationContext.refresh(ServletWebServerApplicationContext.java:146)
	at org.springframework.boot.SpringApplication.refresh(SpringApplication.java:754)
	at org.springframework.boot.SpringApplication.refreshContext(SpringApplication.java:456)
	at org.springframework.boot.SpringApplication.run(SpringApplication.java:334)
	at org.springframework.boot.SpringApplication.run(SpringApplication.java:1354)
	at org.springframework.boot.SpringApplication.run(SpringApplication.java:1343)
	at com.example.supercoding2stsohee.Supercoding2stSoheeApplication.main(Supercoding2stSoheeApplication.java:10)
2024-03-05 23:28:33.927 [main] [31mWARN [0;39m [36morg.hibernate.orm.deprecation[0;39m - HHH90000025: MariaDBDialect does not need to be specified explicitly using 'hibernate.dialect' (remove the property setting and it will be selected by default)
2024-03-05 23:28:34.446 [main] [34mINFO [0;39m [36mo.h.e.t.j.p.i.JtaPlatformInitiator[0;39m - HHH000489: No JTA platform available (set 'hibernate.transaction.jta.platform' to enable JTA platform integration)
2024-03-05 23:28:34.447 [main] [34mINFO [0;39m [36mo.s.o.j.LocalContainerEntityManagerFactoryBean[0;39m - Initialized JPA EntityManagerFactory for persistence unit 'default'
2024-03-05 23:28:34.542 [main] [34mINFO [0;39m [36mo.s.d.j.r.query.QueryEnhancerFactory[0;39m - Hibernate is in classpath; If applicable, HQL parser will be used.
2024-03-05 23:28:34.970 [main] [31mWARN [0;39m [36mo.s.b.a.o.j.JpaBaseConfiguration$JpaWebConfiguration[0;39m - spring.jpa.open-in-view is enabled by default. Therefore, database queries may be performed during view rendering. Explicitly configure spring.jpa.open-in-view to disable this warning
2024-03-05 23:28:35.245 [main] [34mINFO [0;39m [36mo.s.s.web.DefaultSecurityFilterChain[0;39m - Will secure any request with [org.springframework.security.web.session.DisableEncodeUrlFilter@53d257e7, org.springframework.security.web.context.request.async.WebAsyncManagerIntegrationFilter@276961df, org.springframework.security.web.context.SecurityContextHolderFilter@5f09e952, org.springframework.security.web.header.HeaderWriterFilter@1314700e, org.springframework.web.filter.CorsFilter@56b5de49, org.springframework.security.web.authentication.logout.LogoutFilter@18de84f0, com.example.supercoding2stsohee.web.filters.JwtAuthenticationFilter@dcaa0e8, org.springframework.security.web.savedrequest.RequestCacheAwareFilter@355c2b72, org.springframework.security.web.servletapi.SecurityContextHolderAwareRequestFilter@74c0da40, org.springframework.security.web.authentication.AnonymousAuthenticationFilter@4c66b3d9, org.springframework.security.web.session.SessionManagementFilter@2c427287, org.springframework.security.web.access.ExceptionTranslationFilter@1197cd8, org.springframework.security.web.access.intercept.FilterSecurityInterceptor@2f29400e]
2024-03-05 23:28:35.350 [main] [34mINFO [0;39m [36mo.a.coyote.http11.Http11NioProtocol[0;39m - Starting ProtocolHandler ["http-nio-8080"]
2024-03-05 23:28:35.361 [main] [34mINFO [0;39m [36mo.s.b.w.e.tomcat.TomcatWebServer[0;39m - Tomcat started on port 8080 (http) with context path ''
2024-03-05 23:28:35.366 [main] [34mINFO [0;39m [36mc.e.s.Supercoding2stSoheeApplication[0;39m - Started Supercoding2stSoheeApplication in 3.21 seconds (process running for 3.832)
2024-03-05 23:30:01.548 [http-nio-8080-exec-2] [34mINFO [0;39m [36mo.a.c.c.C.[Tomcat].[localhost].[/][0;39m - Initializing Spring DispatcherServlet 'dispatcherServlet'
2024-03-05 23:30:01.551 [http-nio-8080-exec-2] [34mINFO [0;39m [36mo.s.web.servlet.DispatcherServlet[0;39m - Initializing Servlet 'dispatcherServlet'
2024-03-05 23:30:01.564 [http-nio-8080-exec-2] [34mINFO [0;39m [36mo.s.web.servlet.DispatcherServlet[0;39m - Completed initialization in 13 ms
2024-03-05 23:30:02.637 [http-nio-8080-exec-2] [31mWARN [0;39m [36mo.m.jdbc.message.server.ErrorPacket[0;39m - Error: 1045-28000: Access denied for user 'hansolDB'@'79.140.208.250' (using password: YES)
2024-03-05 23:30:02.655 [http-nio-8080-exec-2] [31mWARN [0;39m [36mo.h.e.jdbc.spi.SqlExceptionHelper[0;39m - SQL Error: 1045, SQLState: 28000
2024-03-05 23:30:02.655 [http-nio-8080-exec-2] [1;31mERROR[0;39m [36mo.h.e.jdbc.spi.SqlExceptionHelper[0;39m - (conn=329) Access denied for user 'hansolDB'@'79.140.208.250' (using password: YES)
2024-03-05 23:30:02.662 [http-nio-8080-exec-2] [1;31mERROR[0;39m [36mo.a.c.c.C.[.[.[.[dispatcherServlet][0;39m - Servlet.service() for servlet [dispatcherServlet] in context with path [] threw exception [Request processing failed: org.springframework.transaction.CannotCreateTransactionException: Could not open JPA EntityManager for transaction] with root cause
java.sql.SQLInvalidAuthorizationSpecException: (conn=329) Access denied for user 'hansolDB'@'79.140.208.250' (using password: YES)
	at org.mariadb.jdbc.export.ExceptionFactory.createException(ExceptionFactory.java:286)
	at org.mariadb.jdbc.export.ExceptionFactory.create(ExceptionFactory.java:370)
	at org.mariadb.jdbc.client.impl.ConnectionHelper.authenticationHandler(ConnectionHelper.java:287)
	at org.mariadb.jdbc.client.impl.StandardClient.<init>(StandardClient.java:185)
	at org.mariadb.jdbc.Driver.connect(Driver.java:70)
	at org.mariadb.jdbc.Driver.connect(Driver.java:101)
	at org.mariadb.jdbc.Driver.connect(Driver.java:27)
	at java.sql/java.sql.DriverManager.getConnection(DriverManager.java:681)
	at java.sql/java.sql.DriverManager.getConnection(DriverManager.java:190)
	at org.springframework.jdbc.datasource.DriverManagerDataSource.getConnectionFromDriverManager(DriverManagerDataSource.java:155)
	at org.springframework.jdbc.datasource.DriverManagerDataSource.getConnectionFromDriver(DriverManagerDataSource.java:146)
	at org.springframework.jdbc.datasource.AbstractDriverBasedDataSource.getConnectionFromDriver(AbstractDriverBasedDataSource.java:205)
	at org.springframework.jdbc.datasource.AbstractDriverBasedDataSource.getConnection(AbstractDriverBasedDataSource.java:169)
	at org.hibernate.engine.jdbc.connections.internal.DatasourceConnectionProviderImpl.getConnection(DatasourceConnectionProviderImpl.java:122)
	at org.hibernate.internal.NonContextualJdbcConnectionAccess.obtainConnection(NonContextualJdbcConnectionAccess.java:46)
	at org.hibernate.resource.jdbc.internal.LogicalConnectionManagedImpl.acquireConnectionIfNeeded(LogicalConnectionManagedImpl.java:113)
	at org.hibernate.resource.jdbc.internal.LogicalConnectionManagedImpl.getPhysicalConnection(LogicalConnectionManagedImpl.java:143)
	at org.hibernate.resource.jdbc.internal.LogicalConnectionManagedImpl.getConnectionForTransactionManagement(LogicalConnectionManagedImpl.java:273)
	at org.hibernate.resource.jdbc.internal.LogicalConnectionManagedImpl.begin(LogicalConnectionManagedImpl.java:281)
	at org.hibernate.resource.transaction.backend.jdbc.internal.JdbcResourceLocalTransactionCoordinatorImpl$TransactionDriverControlImpl.begin(JdbcResourceLocalTransactionCoordinatorImpl.java:232)
	at org.hibernate.engine.transaction.internal.TransactionImpl.begin(TransactionImpl.java:83)
	at org.springframework.orm.jpa.vendor.HibernateJpaDialect.beginTransaction(HibernateJpaDialect.java:176)
	at org.springframework.orm.jpa.JpaTransactionManager.doBegin(JpaTransactionManager.java:420)
	at org.springframework.transaction.support.AbstractPlatformTransactionManager.startTransaction(AbstractPlatformTransactionManager.java:531)
	at org.springframework.transaction.support.AbstractPlatformTransactionManager.getTransaction(AbstractPlatformTransactionManager.java:405)
	at org.springframework.transaction.interceptor.TransactionAspectSupport.createTransactionIfNecessary(TransactionAspectSupport.java:610)
	at org.springframework.transaction.interceptor.TransactionAspectSupport.invokeWithinTransaction(TransactionAspectSupport.java:379)
	at org.springframework.transaction.interceptor.TransactionInterceptor.invoke(TransactionInterceptor.java:119)
	at org.springframework.aop.framework.ReflectiveMethodInvocation.proceed(ReflectiveMethodInvocation.java:184)
	at org.springframework.aop.framework.CglibAopProxy$CglibMethodInvocation.proceed(CglibAopProxy.java:765)
	at org.springframework.aop.framework.CglibAopProxy$DynamicAdvisedInterceptor.intercept(CglibAopProxy.java:717)
	at com.example.supercoding2stsohee.service.AuthService$$SpringCGLIB$$0.signUp(<generated>)
	at com.example.supercoding2stsohee.web.controller.SignController.register(SignController.java:27)
	at java.base/jdk.internal.reflect.NativeMethodAccessorImpl.invoke0(Native Method)
	at java.base/jdk.internal.reflect.NativeMethodAccessorImpl.invoke(NativeMethodAccessorImpl.java:77)
	at java.base/jdk.internal.reflect.DelegatingMethodAccessorImpl.invoke(DelegatingMethodAccessorImpl.java:43)
	at java.base/java.lang.reflect.Method.invoke(Method.java:568)
	at org.springframework.web.method.support.InvocableHandlerMethod.doInvoke(InvocableHandlerMethod.java:261)
	at org.springframework.web.method.support.InvocableHandlerMethod.invokeForRequest(InvocableHandlerMethod.java:189)
	at org.springframework.web.servlet.mvc.method.annotation.ServletInvocableHandlerMethod.invokeAndHandle(ServletInvocableHandlerMethod.java:118)
	at org.springframework.web.servlet.mvc.method.annotation.RequestMappingHandlerAdapter.invokeHandlerMethod(RequestMappingHandlerAdapter.java:917)
	at org.springframework.web.servlet.mvc.method.annotation.RequestMappingHandlerAdapter.handleInternal(RequestMappingHandlerAdapter.java:829)
	at org.springframework.web.servlet.mvc.method.AbstractHandlerMethodAdapter.handle(AbstractHandlerMethodAdapter.java:87)
	at org.springframework.web.servlet.DispatcherServlet.doDispatch(DispatcherServlet.java:1089)
	at org.springframework.web.servlet.DispatcherServlet.doService(DispatcherServlet.java:979)
	at org.springframework.web.servlet.FrameworkServlet.processRequest(FrameworkServlet.java:1014)
	at org.springframework.web.servlet.FrameworkServlet.doPost(FrameworkServlet.java:914)
	at jakarta.servlet.http.HttpServlet.service(HttpServlet.java:590)
	at org.springframework.web.servlet.FrameworkServlet.service(FrameworkServlet.java:885)
	at jakarta.servlet.http.HttpServlet.service(HttpServlet.java:658)
	at org.apache.catalina.core.ApplicationFilterChain.internalDoFilter(ApplicationFilterChain.java:205)
	at org.apache.catalina.core.ApplicationFilterChain.doFilter(ApplicationFilterChain.java:149)
	at org.apache.tomcat.websocket.server.WsFilter.doFilter(WsFilter.java:51)
	at org.apache.catalina.core.ApplicationFilterChain.internalDoFilter(ApplicationFilterChain.java:174)
	at org.apache.catalina.core.ApplicationFilterChain.doFilter(ApplicationFilterChain.java:149)
	at org.springframework.web.filter.CompositeFilter$VirtualFilterChain.doFilter(CompositeFilter.java:108)
	at org.springframework.security.web.FilterChainProxy.lambda$doFilterInternal$3(FilterChainProxy.java:231)
	at org.springframework.security.web.FilterChainProxy$VirtualFilterChain.doFilter(FilterChainProxy.java:365)
	at org.springframework.security.web.access.intercept.FilterSecurityInterceptor.invoke(FilterSecurityInterceptor.java:117)
	at org.springframework.security.web.access.intercept.FilterSecurityInterceptor.doFilter(FilterSecurityInterceptor.java:83)
	at org.springframework.security.web.FilterChainProxy$VirtualFilterChain.doFilter(FilterChainProxy.java:374)
	at org.springframework.security.web.access.ExceptionTranslationFilter.doFilter(ExceptionTranslationFilter.java:126)
	at org.springframework.security.web.access.ExceptionTranslationFilter.doFilter(ExceptionTranslationFilter.java:120)
	at org.springframework.security.web.FilterChainProxy$VirtualFilterChain.doFilter(FilterChainProxy.java:374)
	at org.springframework.security.web.session.SessionManagementFilter.doFilter(SessionManagementFilter.java:131)
	at org.springframework.security.web.session.SessionManagementFilter.doFilter(SessionManagementFilter.java:85)
	at org.springframework.security.web.FilterChainProxy$VirtualFilterChain.doFilter(FilterChainProxy.java:374)
	at org.springframework.security.web.authentication.AnonymousAuthenticationFilter.doFilter(AnonymousAuthenticationFilter.java:100)
	at org.springframework.security.web.FilterChainProxy$VirtualFilterChain.doFilter(FilterChainProxy.java:374)
	at org.springframework.security.web.servletapi.SecurityContextHolderAwareRequestFilter.doFilter(SecurityContextHolderAwareRequestFilter.java:179)
	at org.springframework.security.web.FilterChainProxy$VirtualFilterChain.doFilter(FilterChainProxy.java:374)
	at org.springframework.security.web.savedrequest.RequestCacheAwareFilter.doFilter(RequestCacheAwareFilter.java:63)
	at org.springframework.security.web.FilterChainProxy$VirtualFilterChain.doFilter(FilterChainProxy.java:374)
	at com.example.supercoding2stsohee.web.filters.JwtAuthenticationFilter.doFilterInternal(JwtAuthenticationFilter.java:31)
	at org.springframework.web.filter.OncePerRequestFilter.doFilter(OncePerRequestFilter.java:116)
	at org.springframework.security.web.FilterChainProxy$VirtualFilterChain.doFilter(FilterChainProxy.java:374)
	at org.springframework.security.web.authentication.logout.LogoutFilter.doFilter(LogoutFilter.java:107)
	at org.springframework.security.web.authentication.logout.LogoutFilter.doFilter(LogoutFilter.java:93)
	at org.springframework.security.web.FilterChainProxy$VirtualFilterChain.doFilter(FilterChainProxy.java:374)
	at org.springframework.web.filter.CorsFilter.doFilterInternal(CorsFilter.java:91)
	at org.springframework.web.filter.OncePerRequestFilter.doFilter(OncePerRequestFilter.java:116)
	at org.springframework.security.web.FilterChainProxy$VirtualFilterChain.doFilter(FilterChainProxy.java:374)
	at org.springframework.security.web.header.HeaderWriterFilter.doHeadersAfter(HeaderWriterFilter.java:90)
	at org.springframework.security.web.header.HeaderWriterFilter.doFilterInternal(HeaderWriterFilter.java:75)
	at org.springframework.web.filter.OncePerRequestFilter.doFilter(OncePerRequestFilter.java:116)
	at org.springframework.security.web.FilterChainProxy$VirtualFilterChain.doFilter(FilterChainProxy.java:374)
	at org.springframework.security.web.context.SecurityContextHolderFilter.doFilter(SecurityContextHolderFilter.java:82)
	at org.springframework.security.web.context.SecurityContextHolderFilter.doFilter(SecurityContextHolderFilter.java:69)
	at org.springframework.security.web.FilterChainProxy$VirtualFilterChain.doFilter(FilterChainProxy.java:374)
	at org.springframework.security.web.context.request.async.WebAsyncManagerIntegrationFilter.doFilterInternal(WebAsyncManagerIntegrationFilter.java:62)
	at org.springframework.web.filter.OncePerRequestFilter.doFilter(OncePerRequestFilter.java:116)
	at org.springframework.security.web.FilterChainProxy$VirtualFilterChain.doFilter(FilterChainProxy.java:374)
	at org.springframework.security.web.session.DisableEncodeUrlFilter.doFilterInternal(DisableEncodeUrlFilter.java:42)
	at org.springframework.web.filter.OncePerRequestFilter.doFilter(OncePerRequestFilter.java:116)
	at org.springframework.security.web.FilterChainProxy$VirtualFilterChain.doFilter(FilterChainProxy.java:374)
	at org.springframework.security.web.FilterChainProxy.doFilterInternal(FilterChainProxy.java:233)
	at org.springframework.security.web.FilterChainProxy.doFilter(FilterChainProxy.java:191)
	at org.springframework.web.filter.CompositeFilter$VirtualFilterChain.doFilter(CompositeFilter.java:113)
	at org.springframework.web.servlet.handler.HandlerMappingIntrospector.lambda$createCacheFilter$3(HandlerMappingIntrospector.java:195)
	at org.springframework.web.filter.CompositeFilter$VirtualFilterChain.doFilter(CompositeFilter.java:113)
	at org.springframework.web.filter.CompositeFilter.doFilter(CompositeFilter.java:74)
	at org.springframework.security.config.annotation.web.configuration.WebMvcSecurityConfiguration$CompositeFilterChainProxy.doFilter(WebMvcSecurityConfiguration.java:225)
	at org.springframework.web.filter.DelegatingFilterProxy.invokeDelegate(DelegatingFilterProxy.java:352)
	at org.springframework.web.filter.DelegatingFilterProxy.doFilter(DelegatingFilterProxy.java:268)
	at org.apache.catalina.core.ApplicationFilterChain.internalDoFilter(ApplicationFilterChain.java:174)
	at org.apache.catalina.core.ApplicationFilterChain.doFilter(ApplicationFilterChain.java:149)
	at org.springframework.web.filter.RequestContextFilter.doFilterInternal(RequestContextFilter.java:100)
	at org.springframework.web.filter.OncePerRequestFilter.doFilter(OncePerRequestFilter.java:116)
	at org.apache.catalina.core.ApplicationFilterChain.internalDoFilter(ApplicationFilterChain.java:174)
	at org.apache.catalina.core.ApplicationFilterChain.doFilter(ApplicationFilterChain.java:149)
	at org.springframework.web.filter.FormContentFilter.doFilterInternal(FormContentFilter.java:93)
	at org.springframework.web.filter.OncePerRequestFilter.doFilter(OncePerRequestFilter.java:116)
	at org.apache.catalina.core.ApplicationFilterChain.internalDoFilter(ApplicationFilterChain.java:174)
	at org.apache.catalina.core.ApplicationFilterChain.doFilter(ApplicationFilterChain.java:149)
	at org.springframework.web.filter.CharacterEncodingFilter.doFilterInternal(CharacterEncodingFilter.java:201)
	at org.springframework.web.filter.OncePerRequestFilter.doFilter(OncePerRequestFilter.java:116)
	at org.apache.catalina.core.ApplicationFilterChain.internalDoFilter(ApplicationFilterChain.java:174)
	at org.apache.catalina.core.ApplicationFilterChain.doFilter(ApplicationFilterChain.java:149)
	at org.apache.catalina.core.StandardWrapperValve.invoke(StandardWrapperValve.java:167)
	at org.apache.catalina.core.StandardContextValve.invoke(StandardContextValve.java:90)
	at org.apache.catalina.authenticator.AuthenticatorBase.invoke(AuthenticatorBase.java:482)
	at org.apache.catalina.core.StandardHostValve.invoke(StandardHostValve.java:115)
	at org.apache.catalina.valves.ErrorReportValve.invoke(ErrorReportValve.java:93)
	at org.apache.catalina.core.StandardEngineValve.invoke(StandardEngineValve.java:74)
	at org.apache.catalina.connector.CoyoteAdapter.service(CoyoteAdapter.java:340)
	at org.apache.coyote.http11.Http11Processor.service(Http11Processor.java:391)
	at org.apache.coyote.AbstractProcessorLight.process(AbstractProcessorLight.java:63)
	at org.apache.coyote.AbstractProtocol$ConnectionHandler.process(AbstractProtocol.java:896)
	at org.apache.tomcat.util.net.NioEndpoint$SocketProcessor.doRun(NioEndpoint.java:1744)
	at org.apache.tomcat.util.net.SocketProcessorBase.run(SocketProcessorBase.java:52)
	at org.apache.tomcat.util.threads.ThreadPoolExecutor.runWorker(ThreadPoolExecutor.java:1191)
	at org.apache.tomcat.util.threads.ThreadPoolExecutor$Worker.run(ThreadPoolExecutor.java:659)
	at org.apache.tomcat.util.threads.TaskThread$WrappingRunnable.run(TaskThread.java:61)
	at java.base/java.lang.Thread.run(Thread.java:842)
2024-03-05 23:30:47.851 [SpringApplicationShutdownHook] [34mINFO [0;39m [36mo.s.o.j.LocalContainerEntityManagerFactoryBean[0;39m - Closing JPA EntityManagerFactory for persistence unit 'default'
2024-03-05 23:30:50.192 [main] [34mINFO [0;39m [36mc.e.s.Supercoding2stSoheeApplication[0;39m - Starting Supercoding2stSoheeApplication using Java 17.0.9 with PID 86197 (/Users/sohmac/Desktop/project2-verSoh/build/classes/java/main started by sohmac in /Users/sohmac/Desktop/project2-verSoh)
2024-03-05 23:30:50.197 [main] [34mINFO [0;39m [36mc.e.s.Supercoding2stSoheeApplication[0;39m - The following 1 profile is active: "prod"
2024-03-05 23:30:50.455 [main] [34mINFO [0;39m [36mo.s.d.r.c.RepositoryConfigurationDelegate[0;39m - Bootstrapping Spring Data JPA repositories in DEFAULT mode.
2024-03-05 23:30:50.480 [main] [34mINFO [0;39m [36mo.s.d.r.c.RepositoryConfigurationDelegate[0;39m - Finished Spring Data repository scanning in 22 ms. Found 10 JPA repository interfaces.
2024-03-05 23:30:50.824 [main] [34mINFO [0;39m [36mo.s.b.w.e.tomcat.TomcatWebServer[0;39m - Tomcat initialized with port 8080 (http)
2024-03-05 23:30:50.828 [main] [34mINFO [0;39m [36mo.a.coyote.http11.Http11NioProtocol[0;39m - Initializing ProtocolHandler ["http-nio-8080"]
2024-03-05 23:30:50.828 [main] [34mINFO [0;39m [36mo.a.catalina.core.StandardService[0;39m - Starting service [Tomcat]
2024-03-05 23:30:50.828 [main] [34mINFO [0;39m [36mo.a.catalina.core.StandardEngine[0;39m - Starting Servlet engine: [Apache Tomcat/10.1.18]
2024-03-05 23:30:50.853 [main] [34mINFO [0;39m [36mo.a.c.c.C.[Tomcat].[localhost].[/][0;39m - Initializing Spring embedded WebApplicationContext
2024-03-05 23:30:50.853 [main] [34mINFO [0;39m [36mo.s.b.w.s.c.ServletWebServerApplicationContext[0;39m - Root WebApplicationContext: initialization completed in 633 ms
2024-03-05 23:30:50.904 [main] [34mINFO [0;39m [36mo.h.jpa.internal.util.LogHelper[0;39m - HHH000204: Processing PersistenceUnitInfo [name: default]
2024-03-05 23:30:50.933 [main] [34mINFO [0;39m [36morg.hibernate.Version[0;39m - HHH000412: Hibernate ORM core version 6.4.1.Final
2024-03-05 23:30:50.946 [main] [34mINFO [0;39m [36mo.h.c.i.RegionFactoryInitiator[0;39m - HHH000026: Second-level cache disabled
2024-03-05 23:30:51.080 [main] [34mINFO [0;39m [36mo.s.o.j.p.SpringPersistenceUnitInfo[0;39m - No LoadTimeWeaver setup: ignoring JPA class transformer
2024-03-05 23:30:52.815 [main] [31mWARN [0;39m [36morg.hibernate.orm.deprecation[0;39m - HHH90000025: MariaDBDialect does not need to be specified explicitly using 'hibernate.dialect' (remove the property setting and it will be selected by default)
2024-03-05 23:30:53.524 [main] [34mINFO [0;39m [36mo.h.e.t.j.p.i.JtaPlatformInitiator[0;39m - HHH000489: No JTA platform available (set 'hibernate.transaction.jta.platform' to enable JTA platform integration)
2024-03-05 23:30:53.525 [main] [34mINFO [0;39m [36mo.s.o.j.LocalContainerEntityManagerFactoryBean[0;39m - Initialized JPA EntityManagerFactory for persistence unit 'default'
2024-03-05 23:30:53.619 [main] [34mINFO [0;39m [36mo.s.d.j.r.query.QueryEnhancerFactory[0;39m - Hibernate is in classpath; If applicable, HQL parser will be used.
2024-03-05 23:30:54.044 [main] [31mWARN [0;39m [36mo.s.b.a.o.j.JpaBaseConfiguration$JpaWebConfiguration[0;39m - spring.jpa.open-in-view is enabled by default. Therefore, database queries may be performed during view rendering. Explicitly configure spring.jpa.open-in-view to disable this warning
2024-03-05 23:30:54.304 [main] [34mINFO [0;39m [36mo.s.s.web.DefaultSecurityFilterChain[0;39m - Will secure any request with [org.springframework.security.web.session.DisableEncodeUrlFilter@22ccd80f, org.springframework.security.web.context.request.async.WebAsyncManagerIntegrationFilter@31829b82, org.springframework.security.web.context.SecurityContextHolderFilter@34408f1b, org.springframework.security.web.header.HeaderWriterFilter@125a6446, org.springframework.web.filter.CorsFilter@2986e26f, org.springframework.security.web.authentication.logout.LogoutFilter@81da6a3, com.example.supercoding2stsohee.web.filters.JwtAuthenticationFilter@fb74661, org.springframework.security.web.savedrequest.RequestCacheAwareFilter@2e6fa551, org.springframework.security.web.servletapi.SecurityContextHolderAwareRequestFilter@427a4d68, org.springframework.security.web.authentication.AnonymousAuthenticationFilter@4b7feb38, org.springframework.security.web.session.SessionManagementFilter@6852c3d2, org.springframework.security.web.access.ExceptionTranslationFilter@27dc95b9, org.springframework.security.web.access.intercept.FilterSecurityInterceptor@58a01e47]
2024-03-05 23:30:54.401 [main] [34mINFO [0;39m [36mo.a.coyote.http11.Http11NioProtocol[0;39m - Starting ProtocolHandler ["http-nio-8080"]
2024-03-05 23:30:54.411 [main] [34mINFO [0;39m [36mo.s.b.w.e.tomcat.TomcatWebServer[0;39m - Tomcat started on port 8080 (http) with context path ''
2024-03-05 23:30:54.416 [main] [34mINFO [0;39m [36mc.e.s.Supercoding2stSoheeApplication[0;39m - Started Supercoding2stSoheeApplication in 4.423 seconds (process running for 4.885)
2024-03-05 23:30:59.435 [http-nio-8080-exec-1] [34mINFO [0;39m [36mo.a.c.c.C.[Tomcat].[localhost].[/][0;39m - Initializing Spring DispatcherServlet 'dispatcherServlet'
2024-03-05 23:30:59.436 [http-nio-8080-exec-1] [34mINFO [0;39m [36mo.s.web.servlet.DispatcherServlet[0;39m - Initializing Servlet 'dispatcherServlet'
2024-03-05 23:30:59.439 [http-nio-8080-exec-1] [34mINFO [0;39m [36mo.s.web.servlet.DispatcherServlet[0;39m - Completed initialization in 3 ms
